[ 2018-10-29T15:25:46+08:00 ] ::1 /index.php/Home/DayPost/dayPost
INFO: [ app_init ] --START--
INFO: Run Behavior\BuildLiteBehavior [ RunTime:0.000000s ]
INFO: [ app_init ] --END-- [ RunTime:0.001000s ]
INFO: [ app_begin ] --START--
INFO: Run Behavior\ReadHtmlCacheBehavior [ RunTime:0.002000s ]
INFO: [ app_begin ] --END-- [ RunTime:0.002000s ]
NOTIC: [8] session_start(): A session had already been started - ignoring E:\GITDOC\ThinkPHP\Common\functions.php 第 1263 行.
INFO: [ view_parse ] --START--
INFO: [ template_filter ] --START--
INFO: Run Behavior\ContentReplaceBehavior [ RunTime:0.016000s ]
INFO: [ template_filter ] --END-- [ RunTime:0.016000s ]
NOTIC: [8] Undefined variable: TITLE E:\GITDOC\SALESHOP\Runtime\Cache\Home\621c615d05d10b8691ae4b6278718915.php 第 15 行.
NOTIC: [8] Undefined variable: username E:\GITDOC\SALESHOP\Runtime\Cache\Home\621c615d05d10b8691ae4b6278718915.php 第 296 行.
NOTIC: [8] Undefined variable: count E:\GITDOC\SALESHOP\Runtime\Cache\Home\621c615d05d10b8691ae4b6278718915.php 第 591 行.
NOTIC: [8] Undefined variable: count1 E:\GITDOC\SALESHOP\Runtime\Cache\Home\621c615d05d10b8691ae4b6278718915.php 第 616 行.
NOTIC: [8] Undefined variable: count2 E:\GITDOC\SALESHOP\Runtime\Cache\Home\621c615d05d10b8691ae4b6278718915.php 第 641 行.
NOTIC: [8] Undefined variable: count3 E:\GITDOC\SALESHOP\Runtime\Cache\Home\621c615d05d10b8691ae4b6278718915.php 第 664 行.
NOTIC: [8] Undefined variable: weChatMatch E:\GITDOC\SALESHOP\Runtime\Cache\Home\621c615d05d10b8691ae4b6278718915.php 第 774 行.
NOTIC: [8] Undefined variable: weChatSub E:\GITDOC\SALESHOP\Runtime\Cache\Home\621c615d05d10b8691ae4b6278718915.php 第 776 行.
NOTIC: [8] Undefined variable: weChatNum E:\GITDOC\SALESHOP\Runtime\Cache\Home\621c615d05d10b8691ae4b6278718915.php 第 778 行.
NOTIC: [8] Undefined variable: weCESNum E:\GITDOC\SALESHOP\Runtime\Cache\Home\621c615d05d10b8691ae4b6278718915.php 第 780 行.
INFO: Run Behavior\ParseTemplateBehavior [ RunTime:0.045000s ]
INFO: [ view_parse ] --END-- [ RunTime:0.045000s ]
INFO: [ view_filter ] --START--
INFO: Run Behavior\WriteHtmlCacheBehavior [ RunTime:0.001000s ]
INFO: [ view_filter ] --END-- [ RunTime:0.001000s ]
INFO: [ app_end ] --START--
INFO: Run Behavior\ShowPageTraceBehavior [ RunTime:0.002000s ]
INFO: [ app_end ] --END-- [ RunTime:0.002000s ]

[ 2018-10-29T15:26:05+08:00 ] ::1 /index.php/Home/Home/home
INFO: [ app_init ] --START--
INFO: Run Behavior\BuildLiteBehavior [ RunTime:0.000000s ]
INFO: [ app_init ] --END-- [ RunTime:0.000000s ]
INFO: [ app_begin ] --START--
INFO: Run Behavior\ReadHtmlCacheBehavior [ RunTime:0.002000s ]
INFO: [ app_begin ] --END-- [ RunTime:0.002000s ]
NOTIC: [8] session_start(): A session had already been started - ignoring E:\GITDOC\ThinkPHP\Common\functions.php 第 1263 行.
NOTIC: [8] Undefined index: token E:\GITDOC\SALESHOP\Home\Controller\MethodController.class.php 第 55 行.
NOTIC: [8] Uninitialized string offset: 1 E:\GITDOC\SALESHOP\Home\Controller\MethodController.class.php 第 49 行.
NOTIC: [8] Undefined offset: 2 E:\GITDOC\SALESHOP\Home\Controller\MethodController.class.php 第 58 行.

[ 2018-10-29T15:26:05+08:00 ] ::1 /index.php/Home/Index/index
INFO: [ app_init ] --START--
INFO: Run Behavior\BuildLiteBehavior [ RunTime:0.000000s ]
INFO: [ app_init ] --END-- [ RunTime:0.001000s ]
INFO: [ app_begin ] --START--
INFO: Run Behavior\ReadHtmlCacheBehavior [ RunTime:0.000000s ]
INFO: [ app_begin ] --END-- [ RunTime:0.000000s ]
NOTIC: [8] session_start(): A session had already been started - ignoring E:\GITDOC\ThinkPHP\Common\functions.php 第 1263 行.
INFO: [ view_parse ] --START--
INFO: [ template_filter ] --START--
INFO: Run Behavior\ContentReplaceBehavior [ RunTime:0.000000s ]
INFO: [ template_filter ] --END-- [ RunTime:0.000000s ]
INFO: Run Behavior\ParseTemplateBehavior [ RunTime:0.014000s ]
INFO: [ view_parse ] --END-- [ RunTime:0.014000s ]
INFO: [ view_filter ] --START--
INFO: Run Behavior\WriteHtmlCacheBehavior [ RunTime:0.000000s ]
INFO: [ view_filter ] --END-- [ RunTime:0.000000s ]
INFO: [ app_end ] --START--
INFO: Run Behavior\ShowPageTraceBehavior [ RunTime:0.000000s ]
INFO: [ app_end ] --END-- [ RunTime:0.000000s ]

