[ 2018-11-01T17:53:42+08:00 ] 10.8.56.115 /index.php/Home/PersonDefineFinishWork/perDefine
INFO: [ app_init ] --START--
INFO: Run Behavior\BuildLiteBehavior [ RunTime:0.000000s ]
INFO: [ app_init ] --END-- [ RunTime:0.000000s ]
INFO: [ app_begin ] --START--
INFO: Run Behavior\ReadHtmlCacheBehavior [ RunTime:0.001000s ]
INFO: [ app_begin ] --END-- [ RunTime:0.001000s ]
NOTIC: [8] session_start(): A session had already been started - ignoring E:\GITDOC\ThinkPHP\Common\functions.php 第 1263 行.
INFO: [ view_parse ] --START--
INFO: [ template_filter ] --START--
INFO: Run Behavior\ContentReplaceBehavior [ RunTime:0.000000s ]
INFO: [ template_filter ] --END-- [ RunTime:0.000000s ]
NOTIC: [8] Undefined variable: count E:\GITDOC\SALESHOP\Runtime\Cache\Home\568308f091d5bd5a4c584a8af5ae12c4.php 第 602 行.
NOTIC: [8] Undefined variable: count1 E:\GITDOC\SALESHOP\Runtime\Cache\Home\568308f091d5bd5a4c584a8af5ae12c4.php 第 627 行.
NOTIC: [8] Undefined variable: count2 E:\GITDOC\SALESHOP\Runtime\Cache\Home\568308f091d5bd5a4c584a8af5ae12c4.php 第 652 行.
NOTIC: [8] Undefined variable: count3 E:\GITDOC\SALESHOP\Runtime\Cache\Home\568308f091d5bd5a4c584a8af5ae12c4.php 第 675 行.
NOTIC: [8] Undefined variable: weChatMatch E:\GITDOC\SALESHOP\Runtime\Cache\Home\568308f091d5bd5a4c584a8af5ae12c4.php 第 785 行.
NOTIC: [8] Undefined variable: weChatSub E:\GITDOC\SALESHOP\Runtime\Cache\Home\568308f091d5bd5a4c584a8af5ae12c4.php 第 787 行.
NOTIC: [8] Undefined variable: weChatNum E:\GITDOC\SALESHOP\Runtime\Cache\Home\568308f091d5bd5a4c584a8af5ae12c4.php 第 789 行.
NOTIC: [8] Undefined variable: weCESNum E:\GITDOC\SALESHOP\Runtime\Cache\Home\568308f091d5bd5a4c584a8af5ae12c4.php 第 791 行.
INFO: Run Behavior\ParseTemplateBehavior [ RunTime:0.009000s ]
INFO: [ view_parse ] --END-- [ RunTime:0.009000s ]
INFO: [ view_filter ] --START--
INFO: Run Behavior\WriteHtmlCacheBehavior [ RunTime:0.001000s ]
INFO: [ view_filter ] --END-- [ RunTime:0.001000s ]
INFO: [ app_end ] --START--
INFO: Run Behavior\ShowPageTraceBehavior [ RunTime:0.001000s ]
INFO: [ app_end ] --END-- [ RunTime:0.001000s ]

[ 2018-11-01T17:53:42+08:00 ] 10.8.56.115 /index.php/Home/PersonDefineFinishWork/getDefPerson?limit=16&offset=0&_=1541066022128
INFO: [ app_init ] --START--
INFO: Run Behavior\BuildLiteBehavior [ RunTime:0.000000s ]
INFO: [ app_init ] --END-- [ RunTime:0.001000s ]
INFO: [ app_begin ] --START--
INFO: Run Behavior\ReadHtmlCacheBehavior [ RunTime:0.002000s ]
INFO: [ app_begin ] --END-- [ RunTime:0.002000s ]
NOTIC: [8] session_start(): A session had already been started - ignoring E:\GITDOC\ThinkPHP\Common\functions.php 第 1263 行.
NOTIC: [2] Use of undefined constant ‘yyyy - assumed '‘yyyy' (this will throw an Error in a future version of PHP) E:\GITDOC\SALESHOP\Home\Controller\PersonDefineFinishWorkController.class.php 第 115 行.
NOTIC: [2] Use of undefined constant mm - assumed 'mm' (this will throw an Error in a future version of PHP) E:\GITDOC\SALESHOP\Home\Controller\PersonDefineFinishWorkController.class.php 第 115 行.
NOTIC: [2] A non-numeric value encountered E:\GITDOC\SALESHOP\Home\Controller\PersonDefineFinishWorkController.class.php 第 115 行.
NOTIC: [2] A non-numeric value encountered E:\GITDOC\SALESHOP\Home\Controller\PersonDefineFinishWorkController.class.php 第 115 行.
NOTIC: [2] Use of undefined constant dd’ - assumed 'dd’' (this will throw an Error in a future version of PHP) E:\GITDOC\SALESHOP\Home\Controller\PersonDefineFinishWorkController.class.php 第 115 行.
NOTIC: [2] A non-numeric value encountered E:\GITDOC\SALESHOP\Home\Controller\PersonDefineFinishWorkController.class.php 第 115 行.
NOTIC: [2] oci_execute(): ORA-01840: input value not long enough for date format E:\GITDOC\SALESHOP\Home\Controller\MethodController.class.php 第 511 行.
NOTIC: [2] oci_fetch_array(): ORA-24374: define not done before fetch or execute and fetch E:\GITDOC\SALESHOP\Home\Controller\MethodController.class.php 第 513 行.
NOTIC: [8] Undefined variable: result E:\GITDOC\SALESHOP\Home\Controller\MethodController.class.php 第 516 行.
NOTIC: [2] sizeof(): Parameter must be an array or an object that implements Countable E:\GITDOC\SALESHOP\Home\Controller\PersonDefineFinishWorkController.class.php 第 143 行.
NOTIC: [2] sizeof(): Parameter must be an array or an object that implements Countable E:\GITDOC\SALESHOP\Home\Controller\PersonDefineFinishWorkController.class.php 第 175 行.
NOTIC: [2] oci_execute(): ORA-01840: input value not long enough for date format E:\GITDOC\SALESHOP\Home\Controller\MethodController.class.php 第 511 行.
NOTIC: [2] oci_fetch_array(): ORA-24374: define not done before fetch or execute and fetch E:\GITDOC\SALESHOP\Home\Controller\MethodController.class.php 第 513 行.
NOTIC: [8] Undefined variable: result E:\GITDOC\SALESHOP\Home\Controller\MethodController.class.php 第 516 行.
NOTIC: [2] sizeof(): Parameter must be an array or an object that implements Countable E:\GITDOC\SALESHOP\Home\Controller\PersonDefineFinishWorkController.class.php 第 232 行.
NOTIC: [8] Undefined variable: bqfh_result_old_time E:\GITDOC\SALESHOP\Home\Controller\PersonDefineFinishWorkController.class.php 第 263 行.
NOTIC: [2] sizeof(): Parameter must be an array or an object that implements Countable E:\GITDOC\SALESHOP\Home\Controller\PersonDefineFinishWorkController.class.php 第 263 行.
NOTIC: [2] oci_execute(): ORA-01840: input value not long enough for date format E:\GITDOC\SALESHOP\Home\Controller\MethodController.class.php 第 511 行.
NOTIC: [2] oci_fetch_array(): ORA-24374: define not done before fetch or execute and fetch E:\GITDOC\SALESHOP\Home\Controller\MethodController.class.php 第 513 行.
NOTIC: [8] Undefined variable: result E:\GITDOC\SALESHOP\Home\Controller\MethodController.class.php 第 516 行.
NOTIC: [2] sizeof(): Parameter must be an array or an object that implements Countable E:\GITDOC\SALESHOP\Home\Controller\PersonDefineFinishWorkController.class.php 第 316 行.
NOTIC: [2] sizeof(): Parameter must be an array or an object that implements Countable E:\GITDOC\SALESHOP\Home\Controller\PersonDefineFinishWorkController.class.php 第 347 行.
NOTIC: [8] Undefined variable: result E:\GITDOC\SALESHOP\Home\Controller\PersonDefineFinishWorkController.class.php 第 397 行.

