[ 2018-10-31T16:49:24+08:00 ] 10.8.56.34 /index.php/Home/DataManage/userCourse
INFO: [ app_init ] --START--
INFO: Run Behavior\BuildLiteBehavior [ RunTime:0.000000s ]
INFO: [ app_init ] --END-- [ RunTime:0.001000s ]
INFO: [ app_begin ] --START--
INFO: Run Behavior\ReadHtmlCacheBehavior [ RunTime:0.000000s ]
INFO: [ app_begin ] --END-- [ RunTime:0.000000s ]
NOTIC: [8] session_start(): A session had already been started - ignoring E:\GITDOC\ThinkPHP\Common\functions.php 第 1263 行.
SQL: show tables [ RunTime:0.0070s ]
NOTIC: [8] Undefined index: tables_in_ces E:\GITDOC\SALESHOP\Home\Controller\MethodController.class.php 第 1635 行.
NOTIC: [8] Undefined index: tables_in_ces E:\GITDOC\SALESHOP\Home\Controller\MethodController.class.php 第 1635 行.
NOTIC: [8] Undefined index: tables_in_ces E:\GITDOC\SALESHOP\Home\Controller\MethodController.class.php 第 1635 行.
NOTIC: [8] Undefined index: tables_in_ces E:\GITDOC\SALESHOP\Home\Controller\MethodController.class.php 第 1635 行.
NOTIC: [8] Undefined index: tables_in_ces E:\GITDOC\SALESHOP\Home\Controller\MethodController.class.php 第 1635 行.
NOTIC: [8] Undefined index: tables_in_ces E:\GITDOC\SALESHOP\Home\Controller\MethodController.class.php 第 1635 行.
NOTIC: [8] Undefined index: tables_in_ces E:\GITDOC\SALESHOP\Home\Controller\MethodController.class.php 第 1635 行.
NOTIC: [8] Undefined index: tables_in_ces E:\GITDOC\SALESHOP\Home\Controller\MethodController.class.php 第 1635 行.
NOTIC: [8] Undefined index: tables_in_ces E:\GITDOC\SALESHOP\Home\Controller\MethodController.class.php 第 1635 行.
NOTIC: [8] Undefined index: tables_in_ces E:\GITDOC\SALESHOP\Home\Controller\MethodController.class.php 第 1635 行.
NOTIC: [8] Undefined index: tables_in_ces E:\GITDOC\SALESHOP\Home\Controller\MethodController.class.php 第 1635 行.
NOTIC: [8] Undefined index: tables_in_ces E:\GITDOC\SALESHOP\Home\Controller\MethodController.class.php 第 1635 行.
NOTIC: [8] Undefined index: tables_in_ces E:\GITDOC\SALESHOP\Home\Controller\MethodController.class.php 第 1635 行.
NOTIC: [8] Undefined index: tables_in_ces E:\GITDOC\SALESHOP\Home\Controller\MethodController.class.php 第 1635 行.
NOTIC: [8] Undefined index: tables_in_ces E:\GITDOC\SALESHOP\Home\Controller\MethodController.class.php 第 1635 行.
NOTIC: [8] Undefined index: tables_in_ces E:\GITDOC\SALESHOP\Home\Controller\MethodController.class.php 第 1635 行.
NOTIC: [8] Undefined index: tables_in_ces E:\GITDOC\SALESHOP\Home\Controller\MethodController.class.php 第 1635 行.
NOTIC: [8] Undefined index: tables_in_ces E:\GITDOC\SALESHOP\Home\Controller\MethodController.class.php 第 1635 行.
NOTIC: [8] Undefined index: tables_in_ces E:\GITDOC\SALESHOP\Home\Controller\MethodController.class.php 第 1635 行.
NOTIC: [8] Undefined index: tables_in_ces E:\GITDOC\SALESHOP\Home\Controller\MethodController.class.php 第 1635 行.
NOTIC: [8] Undefined index: tables_in_ces E:\GITDOC\SALESHOP\Home\Controller\MethodController.class.php 第 1635 行.
NOTIC: [8] Undefined index: tables_in_ces E:\GITDOC\SALESHOP\Home\Controller\MethodController.class.php 第 1635 行.
NOTIC: [8] Undefined index: tables_in_ces E:\GITDOC\SALESHOP\Home\Controller\MethodController.class.php 第 1635 行.
NOTIC: [8] Undefined index: tables_in_ces E:\GITDOC\SALESHOP\Home\Controller\MethodController.class.php 第 1635 行.
NOTIC: [8] Undefined index: tables_in_ces E:\GITDOC\SALESHOP\Home\Controller\MethodController.class.php 第 1635 行.
NOTIC: [8] Undefined index: tables_in_ces E:\GITDOC\SALESHOP\Home\Controller\MethodController.class.php 第 1635 行.
NOTIC: [8] Undefined index: tables_in_ces E:\GITDOC\SALESHOP\Home\Controller\MethodController.class.php 第 1635 行.
NOTIC: [8] Undefined index: tables_in_ces E:\GITDOC\SALESHOP\Home\Controller\MethodController.class.php 第 1635 行.
NOTIC: [8] Undefined index: tables_in_ces E:\GITDOC\SALESHOP\Home\Controller\MethodController.class.php 第 1635 行.
NOTIC: [8] Undefined index: tables_in_ces E:\GITDOC\SALESHOP\Home\Controller\MethodController.class.php 第 1635 行.
NOTIC: [8] Undefined index: tables_in_ces E:\GITDOC\SALESHOP\Home\Controller\MethodController.class.php 第 1635 行.
NOTIC: [8] Undefined index: tables_in_ces E:\GITDOC\SALESHOP\Home\Controller\MethodController.class.php 第 1635 行.
NOTIC: [8] Undefined index: tables_in_ces E:\GITDOC\SALESHOP\Home\Controller\MethodController.class.php 第 1635 行.
NOTIC: [8] Undefined index: tables_in_ces E:\GITDOC\SALESHOP\Home\Controller\MethodController.class.php 第 1635 行.
NOTIC: [8] Undefined index: tables_in_ces E:\GITDOC\SALESHOP\Home\Controller\MethodController.class.php 第 1635 行.
NOTIC: [8] Undefined index: tables_in_ces E:\GITDOC\SALESHOP\Home\Controller\MethodController.class.php 第 1635 行.
NOTIC: [8] Undefined index: tables_in_ces E:\GITDOC\SALESHOP\Home\Controller\MethodController.class.php 第 1635 行.
NOTIC: [8] Undefined index: tables_in_ces E:\GITDOC\SALESHOP\Home\Controller\MethodController.class.php 第 1635 行.
NOTIC: [8] Undefined index: tables_in_ces E:\GITDOC\SALESHOP\Home\Controller\MethodController.class.php 第 1635 行.
NOTIC: [8] Undefined index: tables_in_ces E:\GITDOC\SALESHOP\Home\Controller\MethodController.class.php 第 1635 行.
NOTIC: [8] Undefined index: tables_in_ces E:\GITDOC\SALESHOP\Home\Controller\MethodController.class.php 第 1635 行.
NOTIC: [8] Undefined index: tables_in_ces E:\GITDOC\SALESHOP\Home\Controller\MethodController.class.php 第 1635 行.
NOTIC: [8] Undefined index: tables_in_ces E:\GITDOC\SALESHOP\Home\Controller\MethodController.class.php 第 1635 行.
NOTIC: [8] Undefined index: tables_in_ces E:\GITDOC\SALESHOP\Home\Controller\MethodController.class.php 第 1635 行.
NOTIC: [8] Undefined index: tables_in_ces E:\GITDOC\SALESHOP\Home\Controller\MethodController.class.php 第 1635 行.
NOTIC: [8] Undefined index: tables_in_ces E:\GITDOC\SALESHOP\Home\Controller\MethodController.class.php 第 1635 行.
NOTIC: [8] Undefined index: tables_in_ces E:\GITDOC\SALESHOP\Home\Controller\MethodController.class.php 第 1635 行.
NOTIC: [8] Undefined index: tables_in_ces E:\GITDOC\SALESHOP\Home\Controller\MethodController.class.php 第 1635 行.
NOTIC: [8] Undefined index: tables_in_ces E:\GITDOC\SALESHOP\Home\Controller\MethodController.class.php 第 1635 行.
NOTIC: [8] Undefined index: tables_in_ces E:\GITDOC\SALESHOP\Home\Controller\MethodController.class.php 第 1635 行.
NOTIC: [8] Undefined index: tables_in_ces E:\GITDOC\SALESHOP\Home\Controller\MethodController.class.php 第 1635 行.
NOTIC: [8] Undefined index: tables_in_ces E:\GITDOC\SALESHOP\Home\Controller\MethodController.class.php 第 1635 行.
NOTIC: [8] Undefined index: tables_in_ces E:\GITDOC\SALESHOP\Home\Controller\MethodController.class.php 第 1635 行.
NOTIC: [8] Undefined index: tables_in_ces E:\GITDOC\SALESHOP\Home\Controller\MethodController.class.php 第 1635 行.
NOTIC: [8] Undefined index: tables_in_ces E:\GITDOC\SALESHOP\Home\Controller\MethodController.class.php 第 1635 行.
NOTIC: [8] Undefined index: tables_in_ces E:\GITDOC\SALESHOP\Home\Controller\MethodController.class.php 第 1635 行.
NOTIC: [8] Undefined index: tables_in_ces E:\GITDOC\SALESHOP\Home\Controller\MethodController.class.php 第 1635 行.
NOTIC: [8] Undefined index: tables_in_ces E:\GITDOC\SALESHOP\Home\Controller\MethodController.class.php 第 1635 行.
NOTIC: [8] Undefined index: tables_in_ces E:\GITDOC\SALESHOP\Home\Controller\MethodController.class.php 第 1635 行.
NOTIC: [8] Undefined index: tables_in_ces E:\GITDOC\SALESHOP\Home\Controller\MethodController.class.php 第 1635 行.
NOTIC: [8] Undefined index: tables_in_ces E:\GITDOC\SALESHOP\Home\Controller\MethodController.class.php 第 1635 行.
NOTIC: [8] Undefined index: tables_in_ces E:\GITDOC\SALESHOP\Home\Controller\MethodController.class.php 第 1635 行.
NOTIC: [8] Undefined index: tables_in_ces E:\GITDOC\SALESHOP\Home\Controller\MethodController.class.php 第 1635 行.
NOTIC: [8] Undefined index: tables_in_ces E:\GITDOC\SALESHOP\Home\Controller\MethodController.class.php 第 1635 行.
NOTIC: [8] Undefined index: tables_in_ces E:\GITDOC\SALESHOP\Home\Controller\MethodController.class.php 第 1635 行.
NOTIC: [8] Undefined index: tables_in_ces E:\GITDOC\SALESHOP\Home\Controller\MethodController.class.php 第 1635 行.
NOTIC: [8] Undefined index: tables_in_ces E:\GITDOC\SALESHOP\Home\Controller\MethodController.class.php 第 1635 行.
NOTIC: [8] Undefined index: tables_in_ces E:\GITDOC\SALESHOP\Home\Controller\MethodController.class.php 第 1635 行.
NOTIC: [8] Undefined index: tables_in_ces E:\GITDOC\SALESHOP\Home\Controller\MethodController.class.php 第 1635 行.
NOTIC: [8] Undefined index: tables_in_ces E:\GITDOC\SALESHOP\Home\Controller\MethodController.class.php 第 1635 行.
NOTIC: [8] Undefined index: tables_in_ces E:\GITDOC\SALESHOP\Home\Controller\MethodController.class.php 第 1635 行.
NOTIC: [8] Undefined index: tables_in_ces E:\GITDOC\SALESHOP\Home\Controller\MethodController.class.php 第 1635 行.
NOTIC: [8] Undefined index: tables_in_ces E:\GITDOC\SALESHOP\Home\Controller\MethodController.class.php 第 1635 行.
NOTIC: [8] Undefined index: tables_in_ces E:\GITDOC\SALESHOP\Home\Controller\MethodController.class.php 第 1635 行.
NOTIC: [8] Undefined index: tables_in_ces E:\GITDOC\SALESHOP\Home\Controller\MethodController.class.php 第 1635 行.
NOTIC: [8] Undefined index: tables_in_ces E:\GITDOC\SALESHOP\Home\Controller\MethodController.class.php 第 1635 行.
NOTIC: [8] Undefined index: tables_in_ces E:\GITDOC\SALESHOP\Home\Controller\MethodController.class.php 第 1635 行.
NOTIC: [8] Undefined index: tables_in_ces E:\GITDOC\SALESHOP\Home\Controller\MethodController.class.php 第 1635 行.
NOTIC: [8] Undefined index: tables_in_ces E:\GITDOC\SALESHOP\Home\Controller\MethodController.class.php 第 1635 行.
NOTIC: [8] Undefined index: tables_in_ces E:\GITDOC\SALESHOP\Home\Controller\MethodController.class.php 第 1635 行.
NOTIC: [8] Undefined index: tables_in_ces E:\GITDOC\SALESHOP\Home\Controller\MethodController.class.php 第 1635 行.
NOTIC: [8] Undefined index: tables_in_ces E:\GITDOC\SALESHOP\Home\Controller\MethodController.class.php 第 1635 行.
NOTIC: [8] Undefined index: tables_in_ces E:\GITDOC\SALESHOP\Home\Controller\MethodController.class.php 第 1635 行.
NOTIC: [8] Undefined index: tables_in_ces E:\GITDOC\SALESHOP\Home\Controller\MethodController.class.php 第 1635 行.
NOTIC: [8] Undefined index: tables_in_ces E:\GITDOC\SALESHOP\Home\Controller\MethodController.class.php 第 1635 行.
NOTIC: [8] Undefined index: tables_in_ces E:\GITDOC\SALESHOP\Home\Controller\MethodController.class.php 第 1635 行.
NOTIC: [8] Undefined index: tables_in_ces E:\GITDOC\SALESHOP\Home\Controller\MethodController.class.php 第 1635 行.
NOTIC: [8] Undefined index: tables_in_ces E:\GITDOC\SALESHOP\Home\Controller\MethodController.class.php 第 1635 行.
NOTIC: [8] Undefined index: tables_in_ces E:\GITDOC\SALESHOP\Home\Controller\MethodController.class.php 第 1635 行.
NOTIC: [8] Undefined index: tables_in_ces E:\GITDOC\SALESHOP\Home\Controller\MethodController.class.php 第 1635 行.
NOTIC: [8] Undefined index: tables_in_ces E:\GITDOC\SALESHOP\Home\Controller\MethodController.class.php 第 1635 行.
NOTIC: [8] Undefined index: tables_in_ces E:\GITDOC\SALESHOP\Home\Controller\MethodController.class.php 第 1635 行.
NOTIC: [8] Undefined index: tables_in_ces E:\GITDOC\SALESHOP\Home\Controller\MethodController.class.php 第 1635 行.
NOTIC: [8] Undefined index: tables_in_ces E:\GITDOC\SALESHOP\Home\Controller\MethodController.class.php 第 1635 行.
NOTIC: [8] Undefined index: tables_in_ces E:\GITDOC\SALESHOP\Home\Controller\MethodController.class.php 第 1635 行.
NOTIC: [8] Undefined index: tables_in_ces E:\GITDOC\SALESHOP\Home\Controller\MethodController.class.php 第 1635 行.
NOTIC: [8] Undefined index: tables_in_ces E:\GITDOC\SALESHOP\Home\Controller\MethodController.class.php 第 1635 行.
NOTIC: [8] Undefined index: tables_in_ces E:\GITDOC\SALESHOP\Home\Controller\MethodController.class.php 第 1635 行.
NOTIC: [8] Undefined index: tables_in_ces E:\GITDOC\SALESHOP\Home\Controller\MethodController.class.php 第 1635 行.
NOTIC: [8] Undefined index: tables_in_ces E:\GITDOC\SALESHOP\Home\Controller\MethodController.class.php 第 1635 行.
NOTIC: [8] Undefined index: tables_in_ces E:\GITDOC\SALESHOP\Home\Controller\MethodController.class.php 第 1635 行.
NOTIC: [8] Undefined index: tables_in_ces E:\GITDOC\SALESHOP\Home\Controller\MethodController.class.php 第 1635 行.
NOTIC: [8] Undefined index: tables_in_ces E:\GITDOC\SALESHOP\Home\Controller\MethodController.class.php 第 1635 行.
NOTIC: [8] Undefined index: tables_in_ces E:\GITDOC\SALESHOP\Home\Controller\MethodController.class.php 第 1635 行.
NOTIC: [8] Undefined index: tables_in_ces E:\GITDOC\SALESHOP\Home\Controller\MethodController.class.php 第 1635 行.
NOTIC: [8] Undefined index: tables_in_ces E:\GITDOC\SALESHOP\Home\Controller\MethodController.class.php 第 1635 行.
NOTIC: [8] Undefined index: tables_in_ces E:\GITDOC\SALESHOP\Home\Controller\MethodController.class.php 第 1635 行.
NOTIC: [8] Undefined index: tables_in_ces E:\GITDOC\SALESHOP\Home\Controller\MethodController.class.php 第 1635 行.
NOTIC: [8] Undefined index: tables_in_ces E:\GITDOC\SALESHOP\Home\Controller\MethodController.class.php 第 1635 行.
NOTIC: [8] Undefined index: tables_in_ces E:\GITDOC\SALESHOP\Home\Controller\MethodController.class.php 第 1635 行.
NOTIC: [8] Undefined index: tables_in_ces E:\GITDOC\SALESHOP\Home\Controller\MethodController.class.php 第 1635 行.
NOTIC: [8] Undefined index: tables_in_ces E:\GITDOC\SALESHOP\Home\Controller\MethodController.class.php 第 1635 行.
NOTIC: [8] Undefined index: tables_in_ces E:\GITDOC\SALESHOP\Home\Controller\MethodController.class.php 第 1635 行.
NOTIC: [8] Undefined index: tables_in_ces E:\GITDOC\SALESHOP\Home\Controller\MethodController.class.php 第 1635 行.
NOTIC: [8] Undefined index: tables_in_ces E:\GITDOC\SALESHOP\Home\Controller\MethodController.class.php 第 1635 行.
NOTIC: [8] Undefined index: tables_in_ces E:\GITDOC\SALESHOP\Home\Controller\MethodController.class.php 第 1635 行.
NOTIC: [8] Undefined index: tables_in_ces E:\GITDOC\SALESHOP\Home\Controller\MethodController.class.php 第 1635 行.
NOTIC: [8] Undefined index: tables_in_ces E:\GITDOC\SALESHOP\Home\Controller\MethodController.class.php 第 1635 行.
NOTIC: [8] Undefined index: tables_in_ces E:\GITDOC\SALESHOP\Home\Controller\MethodController.class.php 第 1635 行.
NOTIC: [8] Undefined index: tables_in_ces E:\GITDOC\SALESHOP\Home\Controller\MethodController.class.php 第 1635 行.
NOTIC: [8] Undefined index: tables_in_ces E:\GITDOC\SALESHOP\Home\Controller\MethodController.class.php 第 1635 行.
NOTIC: [8] Undefined index: tables_in_ces E:\GITDOC\SALESHOP\Home\Controller\MethodController.class.php 第 1635 行.
NOTIC: [8] Undefined index: tables_in_ces E:\GITDOC\SALESHOP\Home\Controller\MethodController.class.php 第 1635 行.
NOTIC: [8] Undefined index: tables_in_ces E:\GITDOC\SALESHOP\Home\Controller\MethodController.class.php 第 1635 行.
NOTIC: [8] Undefined index: tables_in_ces E:\GITDOC\SALESHOP\Home\Controller\MethodController.class.php 第 1635 行.
NOTIC: [8] Undefined index: tables_in_ces E:\GITDOC\SALESHOP\Home\Controller\MethodController.class.php 第 1635 行.
NOTIC: [8] Undefined index: tables_in_ces E:\GITDOC\SALESHOP\Home\Controller\MethodController.class.php 第 1635 行.
NOTIC: [8] Undefined index: tables_in_ces E:\GITDOC\SALESHOP\Home\Controller\MethodController.class.php 第 1635 行.
NOTIC: [8] Undefined index: tables_in_ces E:\GITDOC\SALESHOP\Home\Controller\MethodController.class.php 第 1635 行.
NOTIC: [8] Undefined index: tables_in_ces E:\GITDOC\SALESHOP\Home\Controller\MethodController.class.php 第 1635 行.
NOTIC: [8] Undefined index: tables_in_ces E:\GITDOC\SALESHOP\Home\Controller\MethodController.class.php 第 1635 行.
NOTIC: [8] Undefined index: tables_in_ces E:\GITDOC\SALESHOP\Home\Controller\MethodController.class.php 第 1635 行.
NOTIC: [8] Undefined index: tables_in_ces E:\GITDOC\SALESHOP\Home\Controller\MethodController.class.php 第 1635 行.
NOTIC: [8] Undefined index: tables_in_ces E:\GITDOC\SALESHOP\Home\Controller\MethodController.class.php 第 1635 行.
NOTIC: [8] Undefined index: tables_in_ces E:\GITDOC\SALESHOP\Home\Controller\MethodController.class.php 第 1635 行.
NOTIC: [8] Undefined index: tables_in_ces E:\GITDOC\SALESHOP\Home\Controller\MethodController.class.php 第 1635 行.
NOTIC: [8] Undefined index: tables_in_ces E:\GITDOC\SALESHOP\Home\Controller\MethodController.class.php 第 1635 行.
NOTIC: [8] Undefined index: tables_in_ces E:\GITDOC\SALESHOP\Home\Controller\MethodController.class.php 第 1635 行.
NOTIC: [8] Undefined index: tables_in_ces E:\GITDOC\SALESHOP\Home\Controller\MethodController.class.php 第 1635 行.
NOTIC: [8] Undefined index: tables_in_ces E:\GITDOC\SALESHOP\Home\Controller\MethodController.class.php 第 1635 行.
NOTIC: [8] Undefined index: tables_in_ces E:\GITDOC\SALESHOP\Home\Controller\MethodController.class.php 第 1635 行.
NOTIC: [8] Undefined index: tables_in_ces E:\GITDOC\SALESHOP\Home\Controller\MethodController.class.php 第 1635 行.
NOTIC: [8] Undefined index: tables_in_ces E:\GITDOC\SALESHOP\Home\Controller\MethodController.class.php 第 1635 行.
NOTIC: [8] Undefined index: tables_in_ces E:\GITDOC\SALESHOP\Home\Controller\MethodController.class.php 第 1635 行.
NOTIC: [8] Undefined index: tables_in_ces E:\GITDOC\SALESHOP\Home\Controller\MethodController.class.php 第 1635 行.
NOTIC: [8] Undefined index: tables_in_ces E:\GITDOC\SALESHOP\Home\Controller\MethodController.class.php 第 1635 行.
NOTIC: [8] Undefined index: tables_in_ces E:\GITDOC\SALESHOP\Home\Controller\MethodController.class.php 第 1635 行.
NOTIC: [8] Undefined index: tables_in_ces E:\GITDOC\SALESHOP\Home\Controller\MethodController.class.php 第 1635 行.
NOTIC: [8] Undefined index: tables_in_ces E:\GITDOC\SALESHOP\Home\Controller\MethodController.class.php 第 1635 行.
NOTIC: [8] Undefined index: tables_in_ces E:\GITDOC\SALESHOP\Home\Controller\MethodController.class.php 第 1635 行.
NOTIC: [8] Undefined index: tables_in_ces E:\GITDOC\SALESHOP\Home\Controller\MethodController.class.php 第 1635 行.
NOTIC: [8] Undefined index: tables_in_ces E:\GITDOC\SALESHOP\Home\Controller\MethodController.class.php 第 1635 行.
NOTIC: [8] Undefined index: tables_in_ces E:\GITDOC\SALESHOP\Home\Controller\MethodController.class.php 第 1635 行.
NOTIC: [8] Undefined index: tables_in_ces E:\GITDOC\SALESHOP\Home\Controller\MethodController.class.php 第 1635 行.
NOTIC: [8] Undefined index: tables_in_ces E:\GITDOC\SALESHOP\Home\Controller\MethodController.class.php 第 1635 行.
NOTIC: [8] Undefined index: tables_in_ces E:\GITDOC\SALESHOP\Home\Controller\MethodController.class.php 第 1635 行.
NOTIC: [8] Undefined index: tables_in_ces E:\GITDOC\SALESHOP\Home\Controller\MethodController.class.php 第 1635 行.
NOTIC: [8] Undefined index: tables_in_ces E:\GITDOC\SALESHOP\Home\Controller\MethodController.class.php 第 1635 行.
NOTIC: [8] Undefined index: tables_in_ces E:\GITDOC\SALESHOP\Home\Controller\MethodController.class.php 第 1635 行.
NOTIC: [8] Undefined index: tables_in_ces E:\GITDOC\SALESHOP\Home\Controller\MethodController.class.php 第 1635 行.
NOTIC: [8] Undefined index: tables_in_ces E:\GITDOC\SALESHOP\Home\Controller\MethodController.class.php 第 1635 行.
NOTIC: [8] Undefined index: tables_in_ces E:\GITDOC\SALESHOP\Home\Controller\MethodController.class.php 第 1635 行.
NOTIC: [8] Undefined index: tables_in_ces E:\GITDOC\SALESHOP\Home\Controller\MethodController.class.php 第 1635 行.
NOTIC: [8] Undefined index: tables_in_ces E:\GITDOC\SALESHOP\Home\Controller\MethodController.class.php 第 1635 行.
NOTIC: [8] Undefined index: tables_in_ces E:\GITDOC\SALESHOP\Home\Controller\MethodController.class.php 第 1635 行.
NOTIC: [8] Undefined index: tables_in_ces E:\GITDOC\SALESHOP\Home\Controller\MethodController.class.php 第 1635 行.
NOTIC: [8] Undefined index: tables_in_ces E:\GITDOC\SALESHOP\Home\Controller\MethodController.class.php 第 1635 行.
NOTIC: [8] Undefined index: tables_in_ces E:\GITDOC\SALESHOP\Home\Controller\MethodController.class.php 第 1635 行.
NOTIC: [8] Undefined index: tables_in_ces E:\GITDOC\SALESHOP\Home\Controller\MethodController.class.php 第 1635 行.
NOTIC: [8] Undefined index: tables_in_ces E:\GITDOC\SALESHOP\Home\Controller\MethodController.class.php 第 1635 行.
NOTIC: [8] Undefined index: tables_in_ces E:\GITDOC\SALESHOP\Home\Controller\MethodController.class.php 第 1635 行.
NOTIC: [8] Undefined index: tables_in_ces E:\GITDOC\SALESHOP\Home\Controller\MethodController.class.php 第 1635 行.
NOTIC: [8] Undefined index: tables_in_ces E:\GITDOC\SALESHOP\Home\Controller\MethodController.class.php 第 1635 行.
NOTIC: [8] Undefined index: tables_in_ces E:\GITDOC\SALESHOP\Home\Controller\MethodController.class.php 第 1635 行.
NOTIC: [8] Undefined index: tables_in_ces E:\GITDOC\SALESHOP\Home\Controller\MethodController.class.php 第 1635 行.
NOTIC: [8] Undefined index: tables_in_ces E:\GITDOC\SALESHOP\Home\Controller\MethodController.class.php 第 1635 行.
NOTIC: [8] Undefined index: tables_in_ces E:\GITDOC\SALESHOP\Home\Controller\MethodController.class.php 第 1635 行.
NOTIC: [8] Undefined index: tables_in_ces E:\GITDOC\SALESHOP\Home\Controller\MethodController.class.php 第 1635 行.
NOTIC: [8] Undefined index: tables_in_ces E:\GITDOC\SALESHOP\Home\Controller\MethodController.class.php 第 1635 行.
NOTIC: [8] Undefined index: tables_in_ces E:\GITDOC\SALESHOP\Home\Controller\MethodController.class.php 第 1635 行.
NOTIC: [8] Undefined index: tables_in_ces E:\GITDOC\SALESHOP\Home\Controller\MethodController.class.php 第 1635 行.
NOTIC: [8] Undefined index: tables_in_ces E:\GITDOC\SALESHOP\Home\Controller\MethodController.class.php 第 1635 行.
NOTIC: [8] Undefined index: tables_in_ces E:\GITDOC\SALESHOP\Home\Controller\MethodController.class.php 第 1635 行.
NOTIC: [8] Undefined index: tables_in_ces E:\GITDOC\SALESHOP\Home\Controller\MethodController.class.php 第 1635 行.
NOTIC: [8] Undefined index: tables_in_ces E:\GITDOC\SALESHOP\Home\Controller\MethodController.class.php 第 1635 行.
NOTIC: [8] Undefined index: tables_in_ces E:\GITDOC\SALESHOP\Home\Controller\MethodController.class.php 第 1635 行.
NOTIC: [8] Undefined index: tables_in_ces E:\GITDOC\SALESHOP\Home\Controller\MethodController.class.php 第 1635 行.
NOTIC: [8] Undefined index: tables_in_ces E:\GITDOC\SALESHOP\Home\Controller\MethodController.class.php 第 1635 行.
NOTIC: [8] Undefined index: tables_in_ces E:\GITDOC\SALESHOP\Home\Controller\MethodController.class.php 第 1635 行.
NOTIC: [8] Undefined index: tables_in_ces E:\GITDOC\SALESHOP\Home\Controller\MethodController.class.php 第 1635 行.
INFO: [ view_parse ] --START--
INFO: [ template_filter ] --START--
INFO: Run Behavior\ContentReplaceBehavior [ RunTime:0.000000s ]
INFO: [ template_filter ] --END-- [ RunTime:0.000000s ]
INFO: Run Behavior\ParseTemplateBehavior [ RunTime:0.039000s ]
INFO: [ view_parse ] --END-- [ RunTime:0.039000s ]
INFO: [ view_filter ] --START--
INFO: Run Behavior\WriteHtmlCacheBehavior [ RunTime:0.000000s ]
INFO: [ view_filter ] --END-- [ RunTime:0.000000s ]
INFO: [ app_end ] --START--
INFO: Run Behavior\ShowPageTraceBehavior [ RunTime:0.000000s ]
INFO: [ app_end ] --END-- [ RunTime:0.000000s ]

[ 2018-10-31T16:49:26+08:00 ] 10.8.56.34 /index.php/Home/DataManage/surveyCount
INFO: [ app_init ] --START--
INFO: Run Behavior\BuildLiteBehavior [ RunTime:0.000000s ]
INFO: [ app_init ] --END-- [ RunTime:0.001000s ]
INFO: [ app_begin ] --START--
INFO: Run Behavior\ReadHtmlCacheBehavior [ RunTime:0.001000s ]
INFO: [ app_begin ] --END-- [ RunTime:0.001000s ]
NOTIC: [8] session_start(): A session had already been started - ignoring E:\GITDOC\ThinkPHP\Common\functions.php 第 1263 行.
ERR: 1146:Table 'testcenter_103.survey_group' doesn't exist
 [ SQL语句 ] : SHOW COLUMNS FROM `survey_group`
ERR: 1146:Table 'testcenter_103.survey_group' doesn't exist
 [ SQL语句 ] : SHOW COLUMNS FROM `survey_group`

[ 2018-10-31T16:49:31+08:00 ] 10.8.56.34 /index.php/Home/Home/Home
INFO: [ app_init ] --START--
INFO: Run Behavior\BuildLiteBehavior [ RunTime:0.000000s ]
INFO: [ app_init ] --END-- [ RunTime:0.001000s ]
INFO: [ app_begin ] --START--
INFO: Run Behavior\ReadHtmlCacheBehavior [ RunTime:0.000000s ]
INFO: [ app_begin ] --END-- [ RunTime:0.000000s ]
NOTIC: [8] session_start(): A session had already been started - ignoring E:\GITDOC\ThinkPHP\Common\functions.php 第 1263 行.
NOTIC: [8] Undefined index: token E:\GITDOC\SALESHOP\Home\Controller\MethodController.class.php 第 55 行.
NOTIC: [8] Uninitialized string offset: 1 E:\GITDOC\SALESHOP\Home\Controller\MethodController.class.php 第 49 行.
NOTIC: [8] Undefined offset: 2 E:\GITDOC\SALESHOP\Home\Controller\MethodController.class.php 第 58 行.

[ 2018-10-31T16:49:31+08:00 ] 10.8.56.34 /index.php/Home/Index/index
INFO: [ app_init ] --START--
INFO: Run Behavior\BuildLiteBehavior [ RunTime:0.000000s ]
INFO: [ app_init ] --END-- [ RunTime:0.000000s ]
INFO: [ app_begin ] --START--
INFO: Run Behavior\ReadHtmlCacheBehavior [ RunTime:0.001000s ]
INFO: [ app_begin ] --END-- [ RunTime:0.001000s ]
NOTIC: [8] session_start(): A session had already been started - ignoring E:\GITDOC\ThinkPHP\Common\functions.php 第 1263 行.
INFO: [ view_parse ] --START--
INFO: [ template_filter ] --START--
INFO: Run Behavior\ContentReplaceBehavior [ RunTime:0.000000s ]
INFO: [ template_filter ] --END-- [ RunTime:0.000000s ]
INFO: Run Behavior\ParseTemplateBehavior [ RunTime:0.013000s ]
INFO: [ view_parse ] --END-- [ RunTime:0.013000s ]
INFO: [ view_filter ] --START--
INFO: Run Behavior\WriteHtmlCacheBehavior [ RunTime:0.001000s ]
INFO: [ view_filter ] --END-- [ RunTime:0.001000s ]
INFO: [ app_end ] --START--
INFO: Run Behavior\ShowPageTraceBehavior [ RunTime:0.001000s ]
INFO: [ app_end ] --END-- [ RunTime:0.002000s ]

[ 2018-10-31T16:50:03+08:00 ] 10.8.56.34 /index.php/Home/Home/Home
INFO: [ app_init ] --START--
INFO: Run Behavior\BuildLiteBehavior [ RunTime:0.000000s ]
INFO: [ app_init ] --END-- [ RunTime:0.001000s ]
INFO: [ app_begin ] --START--
INFO: Run Behavior\ReadHtmlCacheBehavior [ RunTime:0.002000s ]
INFO: [ app_begin ] --END-- [ RunTime:0.002000s ]
NOTIC: [8] session_start(): A session had already been started - ignoring E:\GITDOC\ThinkPHP\Common\functions.php 第 1263 行.
NOTIC: [8] Undefined index: token E:\GITDOC\SALESHOP\Home\Controller\MethodController.class.php 第 55 行.
NOTIC: [8] Uninitialized string offset: 1 E:\GITDOC\SALESHOP\Home\Controller\MethodController.class.php 第 49 行.
NOTIC: [8] Undefined offset: 2 E:\GITDOC\SALESHOP\Home\Controller\MethodController.class.php 第 58 行.

[ 2018-10-31T16:50:03+08:00 ] 10.8.56.34 /index.php/Home/Index/index
INFO: [ app_init ] --START--
INFO: Run Behavior\BuildLiteBehavior [ RunTime:0.000000s ]
INFO: [ app_init ] --END-- [ RunTime:0.001000s ]
INFO: [ app_begin ] --START--
INFO: Run Behavior\ReadHtmlCacheBehavior [ RunTime:0.000000s ]
INFO: [ app_begin ] --END-- [ RunTime:0.000000s ]
NOTIC: [8] session_start(): A session had already been started - ignoring E:\GITDOC\ThinkPHP\Common\functions.php 第 1263 行.
INFO: [ view_parse ] --START--
INFO: [ template_filter ] --START--
INFO: Run Behavior\ContentReplaceBehavior [ RunTime:0.000000s ]
INFO: [ template_filter ] --END-- [ RunTime:0.000000s ]
INFO: Run Behavior\ParseTemplateBehavior [ RunTime:0.009000s ]
INFO: [ view_parse ] --END-- [ RunTime:0.009000s ]
INFO: [ view_filter ] --START--
INFO: Run Behavior\WriteHtmlCacheBehavior [ RunTime:0.001000s ]
INFO: [ view_filter ] --END-- [ RunTime:0.001000s ]
INFO: [ app_end ] --START--
INFO: Run Behavior\ShowPageTraceBehavior [ RunTime:0.001000s ]
INFO: [ app_end ] --END-- [ RunTime:0.001000s ]

[ 2018-10-31T16:50:10+08:00 ] 10.8.56.34 /index.php/Home/Sale/sale
INFO: [ app_init ] --START--
INFO: Run Behavior\BuildLiteBehavior [ RunTime:0.000000s ]
INFO: [ app_init ] --END-- [ RunTime:0.001000s ]
INFO: [ app_begin ] --START--
INFO: Run Behavior\ReadHtmlCacheBehavior [ RunTime:0.002000s ]
INFO: [ app_begin ] --END-- [ RunTime:0.002000s ]
NOTIC: [8] session_start(): A session had already been started - ignoring E:\GITDOC\ThinkPHP\Common\functions.php 第 1263 行.
NOTIC: [8] Undefined index: token E:\GITDOC\SALESHOP\Home\Controller\MethodController.class.php 第 55 行.
NOTIC: [8] Uninitialized string offset: 1 E:\GITDOC\SALESHOP\Home\Controller\MethodController.class.php 第 49 行.
NOTIC: [8] Undefined offset: 2 E:\GITDOC\SALESHOP\Home\Controller\MethodController.class.php 第 58 行.

[ 2018-10-31T16:50:10+08:00 ] 10.8.56.34 /index.php/Home/Index/index
INFO: [ app_init ] --START--
INFO: Run Behavior\BuildLiteBehavior [ RunTime:0.000000s ]
INFO: [ app_init ] --END-- [ RunTime:0.001000s ]
INFO: [ app_begin ] --START--
INFO: Run Behavior\ReadHtmlCacheBehavior [ RunTime:0.001000s ]
INFO: [ app_begin ] --END-- [ RunTime:0.001000s ]
NOTIC: [8] session_start(): A session had already been started - ignoring E:\GITDOC\ThinkPHP\Common\functions.php 第 1263 行.
INFO: [ view_parse ] --START--
INFO: [ template_filter ] --START--
INFO: Run Behavior\ContentReplaceBehavior [ RunTime:0.000000s ]
INFO: [ template_filter ] --END-- [ RunTime:0.000000s ]
INFO: Run Behavior\ParseTemplateBehavior [ RunTime:0.009000s ]
INFO: [ view_parse ] --END-- [ RunTime:0.009000s ]
INFO: [ view_filter ] --START--
INFO: Run Behavior\WriteHtmlCacheBehavior [ RunTime:0.001000s ]
INFO: [ view_filter ] --END-- [ RunTime:0.001000s ]
INFO: [ app_end ] --START--
INFO: Run Behavior\ShowPageTraceBehavior [ RunTime:0.001000s ]
INFO: [ app_end ] --END-- [ RunTime:0.001000s ]

[ 2018-10-31T17:03:58+08:00 ] 10.8.56.115 /index.php/Home/UserManage/userManage
INFO: [ app_init ] --START--
INFO: Run Behavior\BuildLiteBehavior [ RunTime:0.000000s ]
INFO: [ app_init ] --END-- [ RunTime:0.041000s ]
INFO: [ app_begin ] --START--
INFO: Run Behavior\ReadHtmlCacheBehavior [ RunTime:0.050000s ]
INFO: [ app_begin ] --END-- [ RunTime:0.050000s ]
NOTIC: [8] session_start(): A session had already been started - ignoring E:\GITDOC\ThinkPHP\Common\functions.php 第 1263 行.
INFO: [ view_parse ] --START--
INFO: [ template_filter ] --START--
INFO: Run Behavior\ContentReplaceBehavior [ RunTime:0.000000s ]
INFO: [ template_filter ] --END-- [ RunTime:0.000000s ]
NOTIC: [8] Undefined variable: count E:\GITDOC\SALESHOP\Runtime\Cache\Home\fbbd54deb8aa3f75d3b6cfee5078c850.php 第 679 行.
NOTIC: [8] Undefined variable: count1 E:\GITDOC\SALESHOP\Runtime\Cache\Home\fbbd54deb8aa3f75d3b6cfee5078c850.php 第 704 行.
NOTIC: [8] Undefined variable: count2 E:\GITDOC\SALESHOP\Runtime\Cache\Home\fbbd54deb8aa3f75d3b6cfee5078c850.php 第 729 行.
NOTIC: [8] Undefined variable: count3 E:\GITDOC\SALESHOP\Runtime\Cache\Home\fbbd54deb8aa3f75d3b6cfee5078c850.php 第 752 行.
INFO: Run Behavior\ParseTemplateBehavior [ RunTime:0.279000s ]
INFO: [ view_parse ] --END-- [ RunTime:0.279000s ]
INFO: [ view_filter ] --START--
INFO: Run Behavior\WriteHtmlCacheBehavior [ RunTime:0.009000s ]
INFO: [ view_filter ] --END-- [ RunTime:0.009000s ]
INFO: [ app_end ] --START--
INFO: Run Behavior\ShowPageTraceBehavior [ RunTime:0.012000s ]
INFO: [ app_end ] --END-- [ RunTime:0.013000s ]

[ 2018-10-31T17:03:59+08:00 ] 10.8.56.115 /index.php/Home/PersonDefineFinishWork/getDefPerson?limit=16&offset=0&_=1540976638757
INFO: [ app_init ] --START--
INFO: Run Behavior\BuildLiteBehavior [ RunTime:0.000000s ]
INFO: [ app_init ] --END-- [ RunTime:0.002000s ]
INFO: [ app_begin ] --START--
INFO: Run Behavior\ReadHtmlCacheBehavior [ RunTime:0.001000s ]
INFO: [ app_begin ] --END-- [ RunTime:0.001000s ]
NOTIC: [8] session_start(): A session had already been started - ignoring E:\GITDOC\ThinkPHP\Common\functions.php 第 1263 行.
NOTIC: [2] Use of undefined constant ‘yyyy - assumed '‘yyyy' (this will throw an Error in a future version of PHP) E:\GITDOC\SALESHOP\Home\Controller\PersonDefineFinishWorkController.class.php 第 106 行.
NOTIC: [2] Use of undefined constant mm - assumed 'mm' (this will throw an Error in a future version of PHP) E:\GITDOC\SALESHOP\Home\Controller\PersonDefineFinishWorkController.class.php 第 106 行.
NOTIC: [2] A non-numeric value encountered E:\GITDOC\SALESHOP\Home\Controller\PersonDefineFinishWorkController.class.php 第 106 行.
NOTIC: [2] A non-numeric value encountered E:\GITDOC\SALESHOP\Home\Controller\PersonDefineFinishWorkController.class.php 第 106 行.
NOTIC: [2] Use of undefined constant dd’ - assumed 'dd’' (this will throw an Error in a future version of PHP) E:\GITDOC\SALESHOP\Home\Controller\PersonDefineFinishWorkController.class.php 第 106 行.
NOTIC: [2] A non-numeric value encountered E:\GITDOC\SALESHOP\Home\Controller\PersonDefineFinishWorkController.class.php 第 106 行.
NOTIC: [2] oci_execute(): ORA-01840: input value not long enough for date format E:\GITDOC\SALESHOP\Home\Controller\MethodController.class.php 第 428 行.
NOTIC: [2] oci_fetch_array(): ORA-24374: define not done before fetch or execute and fetch E:\GITDOC\SALESHOP\Home\Controller\MethodController.class.php 第 430 行.
NOTIC: [8] Undefined variable: result E:\GITDOC\SALESHOP\Home\Controller\MethodController.class.php 第 433 行.
NOTIC: [2] sizeof(): Parameter must be an array or an object that implements Countable E:\GITDOC\SALESHOP\Home\Controller\PersonDefineFinishWorkController.class.php 第 177 行.
NOTIC: [2] sizeof(): Parameter must be an array or an object that implements Countable E:\GITDOC\SALESHOP\Home\Controller\PersonDefineFinishWorkController.class.php 第 210 行.
NOTIC: [8] Undefined variable: result E:\GITDOC\SALESHOP\Home\Controller\PersonDefineFinishWorkController.class.php 第 387 行.

